#
# A fatal error has been detected by the Java Runtime Environment:
#
#  EXCEPTION_ACCESS_VIOLATION (0xc0000005) at pc=0x000007fee0b2ad4b, pid=3804, tid=5816
#
# JRE version: OpenJDK Runtime Environment JBR-11.0.8.10-944.34-jcef (11.0.8+10) (build 11.0.8+10-b944.34)
# Java VM: OpenJDK 64-Bit Server VM JBR-11.0.8.10-944.34-jcef (11.0.8+10-b944.34, mixed mode, tiered, compressed oops, g1 gc, windows-amd64)
# Problematic frame:
# V  [jvm.dll+0x60ad4b]
#
# No core dump will be written. Minidumps are not enabled by default on client versions of Windows
#
# If you would like to submit a bug report, please visit:
#   https://bugreport.java.com/bugreport/crash.jsp
#

---------------  S U M M A R Y ------------

Command Line: --add-opens=java.base/java.util=ALL-UNNAMED --add-opens=java.base/java.lang=ALL-UNNAMED --add-opens=java.base/java.lang.invoke=ALL-UNNAMED --add-opens=java.prefs/java.util.prefs=ALL-UNNAMED -Xmx2048m -Dfile.encoding=windows-1251 -Duser.country=RU -Duser.language=ru -Duser.variant org.gradle.launcher.daemon.bootstrap.GradleDaemon 6.1.1

Host: AMD A4-3300 APU with Radeon(tm) HD Graphics, 2 cores, 3G,  Windows 7 , 64 bit Build 7601 (6.1.7601.23915)
Time: Tue Feb 23 14:36:53 2021 RTZ 7 (ceia) elapsed time: 194 seconds (0d 0h 3m 14s)

---------------  T H R E A D  ---------------

Current thread (0x000000005d0d8800):  JavaThread "C2 CompilerThread0" daemon [_thread_in_native, id=5816, stack(0x000000005d920000,0x000000005da20000)]


Current CompileTask:
C2: 194560 14615       4       com.android.tools.r8.ir.conversion.N::a (737 bytes)

Stack: [0x000000005d920000,0x000000005da20000],  sp=0x000000005da1b860,  free space=1006k
Native frames: (J=compiled Java code, j=interpreted, Vv=VM code, C=native code)
V  [jvm.dll+0x60ad4b]
V  [jvm.dll+0x60a93a]
V  [jvm.dll+0x60ad03]
V  [jvm.dll+0x60c414]
V  [jvm.dll+0x60b0cd]
V  [jvm.dll+0x1f89e1]
V  [jvm.dll+0x1f673f]
V  [jvm.dll+0x17f40c]
V  [jvm.dll+0x204ee7]
V  [jvm.dll+0x203731]
V  [jvm.dll+0x6dab8f]
V  [jvm.dll+0x6d36e5]
V  [jvm.dll+0x5dd306]
C  [ucrtbase.DLL+0x6be1d]
C  [kernel32.dll+0x159cd]
C  [ntdll.dll+0x2a561]


siginfo: EXCEPTION_ACCESS_VIOLATION (0xc0000005), reading address 0x0000000000000058


Register to memory mapping:

RIP=0x000007fee0b2ad4b jvm.dll
RAX=0x0 is NULL
RBX=0x000000005da1cef8 is pointing into the stack for thread: 0x000000005d0d8800
RCX=0x0000000069e0ffa0 points into unknown readable memory: f0 ff e0 69 00 00 00 00
RDX=0x0000000069e0ffa0 points into unknown readable memory: f0 ff e0 69 00 00 00 00
RSP=0x000000005da1b860 is pointing into the stack for thread: 0x000000005d0d8800
RBP=0x0000000000040000 points into unknown readable memory: 41 63 74 78 20 00 00 00
RSI=0x00000000000005c4 is an unknown value
RDI=0x0000000069e0ffa0 points into unknown readable memory: f0 ff e0 69 00 00 00 00
R8 =0x0000000069cf0c30 points into unknown readable memory: 70 80 fb 63 00 00 00 00
R9 =0x000000005e4e0090 points into unknown readable memory: 28 ed c7 e0 fe 07 00 00
R10=0x0000000000007a3b is an unknown value
R11=0x0000000000007fff is an unknown value
R12=0x00000000000028bf is an unknown value
R13=0x00000000000028bf is an unknown value
R14=0x0000000000004000 is an unknown value
R15=0x000000006a6f8e50 points into unknown readable memory: 38 b6 d1 e0 fe 07 00 00


Registers:
RAX=0x0000000000000000, RBX=0x000000005da1cef8, RCX=0x0000000069e0ffa0, RDX=0x0000000069e0ffa0
RSP=0x000000005da1b860, RBP=0x0000000000040000, RSI=0x00000000000005c4, RDI=0x0000000069e0ffa0
R8 =0x0000000069cf0c30, R9 =0x000000005e4e0090, R10=0x0000000000007a3b, R11=0x0000000000007fff
R12=0x00000000000028bf, R13=0x00000000000028bf, R14=0x0000000000004000, R15=0x000000006a6f8e50
RIP=0x000007fee0b2ad4b, EFLAGS=0x0000000000010206

Top of Stack: (sp=0x000000005da1b860)
0x000000005da1b860:   000000005da1cef8 000000000000063e
0x000000005da1b870:   0000000000000065 000007fee0c09384
0x000000005da1b880:   000000005da1cef8 000007fee0b2a93a
0x000000005da1b890:   000000006b83e048 00000000000005c4
0x000000005da1b8a0:   000000005da1e888 000007fee07543e7
0x000000005da1b8b0:   0000000000003a3d 000007fee0b2ad03
0x000000005da1b8c0:   000000000000006a 0000000000000001
0x000000005da1b8d0:   000000005da1cef8 0000000000000000
0x000000005da1b8e0:   0000000061e25130 000000005d0cd968
0x000000005da1b8f0:   0000000000000000 000000000000113e
0x000000005da1b900:   000000005da1c570 000007fee0b2c414
0x000000005da1b910:   000000006a6f8e50 000000000000006a
0x000000005da1b920:   00000000000000d5 000000006a6f8e50
0x000000005da1b930:   000000000000113e 000000005da1c570
0x000000005da1b940:   000000006a6f8e50 000007fee0b2b0cd
0x000000005da1b950:   00000000000000d5 0000000066d3d150 

Instructions: (pc=0x000007fee0b2ad4b)
0x000007fee0b2ac4b:   41 8b 6f 18 45 8b e6 89 44 24 58 33 c0 48 3b fb
0x000007fee0b2ac5b:   8b 5c 24 58 44 0f 45 e0 39 6f 18 75 50 48 8b 07
0x000007fee0b2ac6b:   48 8b cf ff 10 3b c3 75 44 33 c0 85 ed 74 2e 4c
0x000007fee0b2ac7b:   8b 47 08 4d 8b 4f 08 0f 1f 40 00 66 66 0f 1f 84
0x000007fee0b2ac8b:   00 00 00 00 00 48 8d 14 c5 00 00 00 00 4a 8b 0c
0x000007fee0b2ac9b:   02 4a 39 0c 0a 75 16 ff c0 3b c5 72 e8 49 8b 07
0x000007fee0b2acab:   48 8b d7 49 8b cf ff 50 60 85 c0 75 28 8b 46 08
0x000007fee0b2acbb:   45 03 f5 ff c8 44 23 f0 48 8b 46 18 4a 8b 3c f0
0x000007fee0b2accb:   48 85 ff 74 15 45 85 e4 75 8e 48 3b 7e 20 75 88
0x000007fee0b2acdb:   45 8b e6 eb 83 48 8b c7 eb 20 45 85 e4 45 0f 44
0x000007fee0b2aceb:   e6 4e 89 3c e0 ff 46 0c 8b 46 0c 3b 46 10 75 08
0x000007fee0b2acfb:   48 8b ce e8 6d fb ff ff 33 c0 48 8b 6c 24 60 4c
0x000007fee0b2ad0b:   8b 64 24 30 48 8b 5c 24 50 48 8b 7c 24 68 4c 8b
0x000007fee0b2ad1b:   6c 24 28 4c 8b 74 24 20 48 83 c4 38 41 5f 5e c3
0x000007fee0b2ad2b:   cc cc cc cc cc 48 89 5c 24 08 48 89 74 24 10 57
0x000007fee0b2ad3b:   48 83 ec 20 48 8b 02 48 8b d9 48 8b ca 48 8b fa
0x000007fee0b2ad4b:   ff 50 58 8b f0 85 c0 74 54 ff 43 0c 44 8b 43 0c
0x000007fee0b2ad5b:   44 3b 43 10 75 08 48 8b cb e8 07 fb ff ff 44 8b
0x000007fee0b2ad6b:   5b 08 4c 8b 43 18 41 ff cb 41 8b c3 23 c6 44 8b
0x000007fee0b2ad7b:   d0 41 83 ca 01 49 8b 14 c0 48 85 d2 74 1b 4c 8b
0x000007fee0b2ad8b:   4b 20 0f 1f 00 49 3b d1 74 0f 41 03 c2 41 23 c3
0x000007fee0b2ad9b:   49 8b 14 c0 48 85 d2 75 ec 49 89 3c c0 48 8b 5c
0x000007fee0b2adab:   24 30 48 8b 74 24 38 48 83 c4 20 5f c3 cc cc cc
0x000007fee0b2adbb:   cc cc cc cc cc 48 89 74 24 10 57 48 83 ec 20 8d
0x000007fee0b2adcb:   42 08 8b fa 48 8b f1 3d 88 00 00 00 77 1a 8d 42
0x000007fee0b2addb:   08 4c 63 c0 4a 8b 44 c1 58 48 85 c0 74 0a 4c 8b
0x000007fee0b2adeb:   40 08 49 83 38 00 75 32 48 89 5c 24 30 48 8b 19
0x000007fee0b2adfb:   8b cf e8 6e f0 0d 00 48 8b d0 48 8b ce ff 13 48
0x000007fee0b2ae0b:   8b 5c 24 30 8d 4f 08 81 f9 88 00 00 00 77 0b 8d
0x000007fee0b2ae1b:   4f 08 48 63 d1 48 89 44 d6 58 48 8b 74 24 38 48
0x000007fee0b2ae2b:   83 c4 20 5f c3 45 33 c9 e9 08 00 00 00 cc cc cc
0x000007fee0b2ae3b:   cc cc cc cc cc 48 89 74 24 10 57 48 83 ec 20 48 


Stack slot to memory mapping:
stack at sp + 0 slots: 0x000000005da1cef8 is pointing into the stack for thread: 0x000000005d0d8800
stack at sp + 1 slots: 0x000000000000063e is an unknown value
stack at sp + 2 slots: 0x0000000000000065 is an unknown value
stack at sp + 3 slots: 0x000007fee0c09384 jvm.dll
stack at sp + 4 slots: 0x000000005da1cef8 is pointing into the stack for thread: 0x000000005d0d8800
stack at sp + 5 slots: 0x000007fee0b2a93a jvm.dll
stack at sp + 6 slots: 0x000000006b83e048 points into unknown readable memory: 00 00 00 00 00 00 00 00
stack at sp + 7 slots: 0x00000000000005c4 is an unknown value


---------------  P R O C E S S  ---------------

Threads class SMR info:
_java_thread_list=0x0000000063eca150, length=44, elements={
0x000000000020e800, 0x000000005d0b6000, 0x000000005d0b8800, 0x000000005d0d0800,
0x000000005d0d5800, 0x000000005d0d8800, 0x000000005d0df800, 0x000000005d0e9000,
0x000000005deeb000, 0x000000005df0c000, 0x000000005fad2800, 0x000000005f4e2800,
0x000000005f78e800, 0x000000005fe02800, 0x000000005fe05800, 0x000000005fe1d000,
0x000000005fe24800, 0x000000005fe2a000, 0x000000005fe5e800, 0x000000005e535000,
0x000000005e536000, 0x000000005e536800, 0x000000005e537800, 0x000000005e538800,
0x000000005e539000, 0x000000005e53a000, 0x000000005e53b000, 0x00000000628db800,
0x00000000628dc000, 0x00000000628dd000, 0x00000000628de000, 0x00000000628de800,
0x00000000628df800, 0x00000000628e0800, 0x00000000628e1000, 0x00000000628e2000,
0x000000006441c800, 0x000000006441b800, 0x000000006441d800, 0x000000006441e000,
0x000000006441f000, 0x000000006441f800, 0x0000000064420800, 0x0000000064421800
}

Java Threads: ( => current thread )
  0x000000000020e800 JavaThread "main" [_thread_blocked, id=6864, stack(0x00000000022f0000,0x00000000023f0000)]
  0x000000005d0b6000 JavaThread "Reference Handler" daemon [_thread_blocked, id=6996, stack(0x000000005d440000,0x000000005d540000)]
  0x000000005d0b8800 JavaThread "Finalizer" daemon [_thread_blocked, id=4300, stack(0x000000005d6d0000,0x000000005d7d0000)]
  0x000000005d0d0800 JavaThread "Signal Dispatcher" daemon [_thread_blocked, id=5452, stack(0x000000005d200000,0x000000005d300000)]
  0x000000005d0d5800 JavaThread "Attach Listener" daemon [_thread_blocked, id=4628, stack(0x000000005d810000,0x000000005d910000)]
=>0x000000005d0d8800 JavaThread "C2 CompilerThread0" daemon [_thread_in_native, id=5816, stack(0x000000005d920000,0x000000005da20000)]
  0x000000005d0df800 JavaThread "C1 CompilerThread0" daemon [_thread_blocked, id=2212, stack(0x000000005db60000,0x000000005dc60000)]
  0x000000005d0e9000 JavaThread "Sweeper thread" daemon [_thread_blocked, id=2280, stack(0x000000005dd40000,0x000000005de40000)]
  0x000000005deeb000 JavaThread "Common-Cleaner" daemon [_thread_blocked, id=6860, stack(0x000000005e250000,0x000000005e350000)]
  0x000000005df0c000 JavaThread "Service Thread" daemon [_thread_blocked, id=1292, stack(0x000000005e3e0000,0x000000005e4e0000)]
  0x000000005fad2800 JavaThread "Daemon health stats" [_thread_blocked, id=4392, stack(0x0000000060350000,0x0000000060450000)]
  0x000000005f4e2800 JavaThread "Incoming local TCP Connector on port 50004" [_thread_in_native, id=5824, stack(0x000000005ed50000,0x000000005ee50000)]
  0x000000005f78e800 JavaThread "Daemon periodic checks" [_thread_blocked, id=6596, stack(0x00000000609d0000,0x0000000060ad0000)]
  0x000000005fe02800 JavaThread "Daemon" [_thread_blocked, id=6792, stack(0x0000000060dd0000,0x0000000060ed0000)]
  0x000000005fe05800 JavaThread "Handler for socket connection from /127.0.0.1:50004 to /127.0.0.1:50005" [_thread_in_native, id=6104, stack(0x0000000060f30000,0x0000000061030000)]
  0x000000005fe1d000 JavaThread "Cancel handler" [_thread_blocked, id=4584, stack(0x0000000060860000,0x0000000060960000)]
  0x000000005fe24800 JavaThread "Daemon worker" [_thread_in_Java, id=772, stack(0x00000000611a0000,0x00000000612a0000)]
  0x000000005fe2a000 JavaThread "Asynchronous log dispatcher for DefaultDaemonConnection: socket connection from /127.0.0.1:50004 to /127.0.0.1:50005" [_thread_blocked, id=3992, stack(0x0000000061050000,0x0000000061150000)]
  0x000000005fe5e800 JavaThread "Thread-8" [_thread_blocked, id=5236, stack(0x0000000060cd0000,0x0000000060dd0000)]
  0x000000005e535000 JavaThread "Cache worker for journal cache (C:\Users\Alexey\.gradle\caches\journal-1)" [_thread_blocked, id=6480, stack(0x0000000061740000,0x0000000061840000)]
  0x000000005e536000 JavaThread "File lock request listener" [_thread_in_native, id=428, stack(0x0000000061300000,0x0000000061400000)]
  0x000000005e536800 JavaThread "Cache worker for file hash cache (C:\Users\Alexey\.gradle\caches\6.1.1\fileHashes)" [_thread_blocked, id=352, stack(0x00000000618a0000,0x00000000619a0000)]
  0x000000005e537800 JavaThread "Cache worker for checksums cache (C:\Users\Alexey\IdeaProjects\MyCalculator\.gradle\checksums)" [_thread_blocked, id=6652, stack(0x0000000062f20000,0x0000000063020000)]
  0x000000005e538800 JavaThread "Cache worker for file hash cache (C:\Users\Alexey\IdeaProjects\MyCalculator\.gradle\6.1.1\fileHashes)" [_thread_blocked, id=320, stack(0x0000000063100000,0x0000000063200000)]
  0x000000005e539000 JavaThread "Cache worker for cache directory md-supplier (C:\Users\Alexey\.gradle\caches\6.1.1\md-supplier)" [_thread_blocked, id=6828, stack(0x0000000062d90000,0x0000000062e90000)]
  0x000000005e53a000 JavaThread "Cache worker for cache directory md-rule (C:\Users\Alexey\.gradle\caches\6.1.1\md-rule)" [_thread_blocked, id=5320, stack(0x0000000064690000,0x0000000064790000)]
  0x000000005e53b000 JavaThread "Cache worker for execution history cache (C:\Users\Alexey\.gradle\caches\6.1.1\executionHistory)" [_thread_blocked, id=5400, stack(0x0000000064d20000,0x0000000064e20000)]
  0x00000000628db800 JavaThread "Build operations" [_thread_blocked, id=5032, stack(0x0000000064580000,0x0000000064680000)]
  0x00000000628dc000 JavaThread "Build operations Thread 2" [_thread_blocked, id=6924, stack(0x0000000065a90000,0x0000000065b90000)]
  0x00000000628dd000 JavaThread "Cache worker for Build Output Cleanup Cache (C:\Users\Alexey\IdeaProjects\MyCalculator\.gradle\buildOutputCleanup)" [_thread_blocked, id=5368, stack(0x0000000066230000,0x0000000066330000)]
  0x00000000628de000 JavaThread "Memory manager" [_thread_blocked, id=6948, stack(0x0000000067f60000,0x0000000068060000)]
  0x00000000628de800 JavaThread "Cache worker for file content cache (C:\Users\Alexey\.gradle\caches\6.1.1\fileContent)" [_thread_blocked, id=5480, stack(0x0000000064be0000,0x0000000064ce0000)]
  0x00000000628df800 JavaThread "Cache worker for file content cache (C:\Users\Alexey\IdeaProjects\MyCalculator\.gradle\6.1.1\fileContent)" [_thread_blocked, id=3888, stack(0x00000000649c0000,0x0000000064ac0000)]
  0x00000000628e0800 JavaThread "Execution worker for ':'" [_thread_blocked, id=7164, stack(0x0000000068490000,0x0000000068590000)]
  0x00000000628e1000 JavaThread "Cache worker for execution history cache (C:\Users\Alexey\IdeaProjects\MyCalculator\.gradle\6.1.1\executionHistory)" [_thread_blocked, id=6472, stack(0x00000000688b0000,0x00000000689b0000)]
  0x00000000628e2000 JavaThread "WorkerExecutor Queue" [_thread_blocked, id=5492, stack(0x0000000061400000,0x0000000061500000)]
  0x000000006441c800 JavaThread "pool-3-thread-1" [_thread_blocked, id=1932, stack(0x00000000696b0000,0x00000000697b0000)]
  0x000000006441b800 JavaThread "stderr" [_thread_in_native, id=1504, stack(0x00000000697d0000,0x00000000698d0000)]
  0x000000006441d800 JavaThread "stdout" [_thread_in_native, id=5584, stack(0x00000000698d0000,0x00000000699d0000)]
  0x000000006441e000 JavaThread "stderr" [_thread_in_native, id=1008, stack(0x0000000069a30000,0x0000000069b30000)]
  0x000000006441f000 JavaThread "stdout" [_thread_in_native, id=6660, stack(0x0000000069bf0000,0x0000000069cf0000)]
  0x000000006441f800 JavaThread "WorkerExecutor Queue Thread 2" [_thread_blocked, id=448, stack(0x0000000069500000,0x0000000069600000)]
  0x0000000064420800 JavaThread "Cache worker for Java compile cache (C:\Users\Alexey\.gradle\caches\6.1.1\javaCompile)" [_thread_blocked, id=5828, stack(0x000000006b600000,0x000000006b700000)]
  0x0000000064421800 JavaThread "Cache worker for Java compile cache (C:\Users\Alexey\IdeaProjects\MyCalculator\.gradle\6.1.1\javaCompile)" [_thread_blocked, id=3172, stack(0x000000006d8a0000,0x000000006d9a0000)]

Other Threads:
  0x000000005d0b3000 VMThread "VM Thread" [stack: 0x000000005d300000,0x000000005d400000] [id=5708]
  0x000000005df27000 WatcherThread [stack: 0x000000005d580000,0x000000005d680000] [id=6540]
  0x000000000022a000 GCTaskThread "GC Thread#0" [stack: 0x0000000015070000,0x0000000015170000] [id=5216]
  0x000000005e192000 GCTaskThread "GC Thread#1" [stack: 0x000000005ee70000,0x000000005ef70000] [id=4456]
  0x000000000025b000 ConcurrentGCThread "G1 Main Marker" [stack: 0x0000000019fd0000,0x000000001a0d0000] [id=7092]
  0x000000000025d000 ConcurrentGCThread "G1 Conc#0" [stack: 0x0000000019ec0000,0x0000000019fc0000] [id=344]
  0x00000000002a8000 ConcurrentGCThread "G1 Refine#0" [stack: 0x000000001c3e0000,0x000000001c4e0000] [id=5684]
  0x00000000002a9000 ConcurrentGCThread "G1 Young RemSet Sampling" [stack: 0x000000001c6e0000,0x000000001c7e0000] [id=2796]

Threads with active compile tasks:
C2 CompilerThread0 194678 14615       4       com.android.tools.r8.ir.conversion.N::a (737 bytes)

VM state:not at safepoint (normal execution)

VM Mutex/Monitor currently owned by a thread: None

Heap address: 0x0000000080000000, size: 2048 MB, Compressed Oops mode: 32-bit
Narrow klass base: 0x0000000000000000, Narrow klass shift: 0
Compressed class space size: 1073741824 Address: 0x000000001c7e0000

Heap:
 garbage-first heap   total 121856K, used 94979K [0x0000000080000000, 0x0000000100000000)
  region size 1024K, 4 young (4096K), 2 survivors (2048K)
 Metaspace       used 102273K, capacity 104621K, committed 104752K, reserved 1140736K
  class space    used 13024K, capacity 13847K, committed 13952K, reserved 1048576K
Heap Regions: E=young(eden), S=young(survivor), O=old, HS=humongous(starts), HC=humongous(continues), CS=collection set, F=free, A=archive, TAMS=top-at-mark-start (previous, next)
|   0|0x0000000080000000, 0x0000000080100000, 0x0000000080100000|100%|HS|  |TAMS 0x0000000080100000, 0x0000000080000000| Complete 
|   1|0x0000000080100000, 0x0000000080200000, 0x0000000080200000|100%|HC|  |TAMS 0x0000000080200000, 0x0000000080100000| Complete 
|   2|0x0000000080200000, 0x0000000080300000, 0x0000000080300000|100%|HC|  |TAMS 0x0000000080300000, 0x0000000080200000| Complete 
|   3|0x0000000080300000, 0x0000000080400000, 0x0000000080400000|100%| O|  |TAMS 0x0000000080400000, 0x0000000080300000| Untracked 
|   4|0x0000000080400000, 0x0000000080500000, 0x0000000080500000|100%| O|  |TAMS 0x0000000080500000, 0x0000000080400000| Untracked 
|   5|0x0000000080500000, 0x0000000080600000, 0x0000000080600000|100%| O|  |TAMS 0x0000000080600000, 0x0000000080500000| Untracked 
|   6|0x0000000080600000, 0x0000000080700000, 0x0000000080700000|100%| O|  |TAMS 0x0000000080700000, 0x0000000080600000| Untracked 
|   7|0x0000000080700000, 0x0000000080800000, 0x0000000080800000|100%| O|  |TAMS 0x0000000080800000, 0x0000000080700000| Untracked 
|   8|0x0000000080800000, 0x0000000080900000, 0x0000000080900000|100%| O|  |TAMS 0x0000000080900000, 0x0000000080800000| Untracked 
|   9|0x0000000080900000, 0x0000000080a00000, 0x0000000080a00000|100%| O|  |TAMS 0x0000000080a00000, 0x0000000080900000| Untracked 
|  10|0x0000000080a00000, 0x0000000080b00000, 0x0000000080b00000|100%| O|  |TAMS 0x0000000080b00000, 0x0000000080a00000| Untracked 
|  11|0x0000000080b00000, 0x0000000080c00000, 0x0000000080c00000|100%| O|  |TAMS 0x0000000080c00000, 0x0000000080b00000| Untracked 
|  12|0x0000000080c00000, 0x0000000080d00000, 0x0000000080d00000|100%| O|  |TAMS 0x0000000080d00000, 0x0000000080c00000| Untracked 
|  13|0x0000000080d00000, 0x0000000080e00000, 0x0000000080e00000|100%| O|  |TAMS 0x0000000080e00000, 0x0000000080d00000| Untracked 
|  14|0x0000000080e00000, 0x0000000080f00000, 0x0000000080f00000|100%| O|  |TAMS 0x0000000080f00000, 0x0000000080e00000| Untracked 
|  15|0x0000000080f00000, 0x0000000081000000, 0x0000000081000000|100%|HS|  |TAMS 0x0000000081000000, 0x0000000080f00000| Complete 
|  16|0x0000000081000000, 0x0000000081100000, 0x0000000081100000|100%|HC|  |TAMS 0x0000000081100000, 0x0000000081000000| Complete 
|  17|0x0000000081100000, 0x0000000081200000, 0x0000000081200000|100%|HS|  |TAMS 0x0000000081200000, 0x0000000081100000| Complete 
|  18|0x0000000081200000, 0x0000000081300000, 0x0000000081300000|100%|HC|  |TAMS 0x0000000081300000, 0x0000000081200000| Complete 
|  19|0x0000000081300000, 0x0000000081400000, 0x0000000081400000|100%|HC|  |TAMS 0x0000000081400000, 0x0000000081300000| Complete 
|  20|0x0000000081400000, 0x0000000081500000, 0x0000000081500000|100%|HS|  |TAMS 0x0000000081500000, 0x0000000081400000| Complete 
|  21|0x0000000081500000, 0x0000000081600000, 0x0000000081600000|100%|HC|  |TAMS 0x0000000081600000, 0x0000000081500000| Complete 
|  22|0x0000000081600000, 0x0000000081700000, 0x0000000081700000|100%|HC|  |TAMS 0x0000000081700000, 0x0000000081600000| Complete 
|  23|0x0000000081700000, 0x0000000081800000, 0x0000000081800000|100%|HC|  |TAMS 0x0000000081800000, 0x0000000081700000| Complete 
|  24|0x0000000081800000, 0x0000000081900000, 0x0000000081900000|100%| O|  |TAMS 0x0000000081900000, 0x0000000081800000| Untracked 
|  25|0x0000000081900000, 0x0000000081a00000, 0x0000000081a00000|100%| O|  |TAMS 0x0000000081a00000, 0x0000000081900000| Untracked 
|  26|0x0000000081a00000, 0x0000000081b00000, 0x0000000081b00000|100%| O|  |TAMS 0x0000000081b00000, 0x0000000081a00000| Untracked 
|  27|0x0000000081b00000, 0x0000000081c00000, 0x0000000081c00000|100%| O|  |TAMS 0x0000000081c00000, 0x0000000081b00000| Untracked 
|  28|0x0000000081c00000, 0x0000000081d00000, 0x0000000081d00000|100%| O|  |TAMS 0x0000000081d00000, 0x0000000081c00000| Untracked 
|  29|0x0000000081d00000, 0x0000000081e00000, 0x0000000081e00000|100%| O|  |TAMS 0x0000000081e00000, 0x0000000081d00000| Untracked 
|  30|0x0000000081e00000, 0x0000000081f00000, 0x0000000081f00000|100%| O|  |TAMS 0x0000000081f00000, 0x0000000081e00000| Untracked 
|  31|0x0000000081f00000, 0x0000000082000000, 0x0000000082000000|100%| O|  |TAMS 0x0000000082000000, 0x0000000081f00000| Untracked 
|  32|0x0000000082000000, 0x0000000082100000, 0x0000000082100000|100%| O|  |TAMS 0x0000000082100000, 0x0000000082000000| Untracked 
|  33|0x0000000082100000, 0x0000000082200000, 0x0000000082200000|100%| O|  |TAMS 0x0000000082200000, 0x0000000082100000| Untracked 
|  34|0x0000000082200000, 0x0000000082300000, 0x0000000082300000|100%|HS|  |TAMS 0x0000000082300000, 0x0000000082200000| Complete 
|  35|0x0000000082300000, 0x0000000082400000, 0x0000000082400000|100%|HC|  |TAMS 0x0000000082400000, 0x0000000082300000| Complete 
|  36|0x0000000082400000, 0x0000000082500000, 0x0000000082500000|100%|HC|  |TAMS 0x0000000082500000, 0x0000000082400000| Complete 
|  37|0x0000000082500000, 0x0000000082600000, 0x0000000082600000|100%| O|  |TAMS 0x0000000082600000, 0x0000000082500000| Untracked 
|  38|0x0000000082600000, 0x0000000082700000, 0x0000000082700000|100%| O|  |TAMS 0x0000000082700000, 0x0000000082600000| Untracked 
|  39|0x0000000082700000, 0x0000000082800000, 0x0000000082800000|100%| O|  |TAMS 0x0000000082800000, 0x0000000082700000| Untracked 
|  40|0x0000000082800000, 0x0000000082900000, 0x0000000082900000|100%|HS|  |TAMS 0x0000000082900000, 0x0000000082800000| Complete 
|  41|0x0000000082900000, 0x0000000082a00000, 0x0000000082a00000|100%|HC|  |TAMS 0x0000000082a00000, 0x0000000082900000| Complete 
|  42|0x0000000082a00000, 0x0000000082b00000, 0x0000000082b00000|100%| O|  |TAMS 0x0000000082b00000, 0x0000000082a00000| Untracked 
|  43|0x0000000082b00000, 0x0000000082c00000, 0x0000000082c00000|100%| O|  |TAMS 0x0000000082c00000, 0x0000000082b00000| Untracked 
|  44|0x0000000082c00000, 0x0000000082d00000, 0x0000000082d00000|100%| O|  |TAMS 0x0000000082d00000, 0x0000000082c00000| Untracked 
|  45|0x0000000082d00000, 0x0000000082e00000, 0x0000000082e00000|100%| O|  |TAMS 0x0000000082e00000, 0x0000000082d00000| Untracked 
|  46|0x0000000082e00000, 0x0000000082f00000, 0x0000000082f00000|100%| O|  |TAMS 0x0000000082f00000, 0x0000000082e00000| Untracked 
|  47|0x0000000082f00000, 0x0000000083000000, 0x0000000083000000|100%| O|  |TAMS 0x0000000083000000, 0x0000000082f00000| Untracked 
|  48|0x0000000083000000, 0x0000000083100000, 0x0000000083100000|100%| O|  |TAMS 0x0000000083100000, 0x0000000083000000| Untracked 
|  49|0x0000000083100000, 0x0000000083200000, 0x0000000083200000|100%| O|  |TAMS 0x0000000083200000, 0x0000000083100000| Untracked 
|  50|0x0000000083200000, 0x0000000083300000, 0x0000000083300000|100%| O|  |TAMS 0x0000000083300000, 0x0000000083200000| Untracked 
|  51|0x0000000083300000, 0x0000000083400000, 0x0000000083400000|100%| O|  |TAMS 0x0000000083400000, 0x0000000083300000| Untracked 
|  52|0x0000000083400000, 0x0000000083500000, 0x0000000083500000|100%| O|  |TAMS 0x0000000083500000, 0x0000000083400000| Untracked 
|  53|0x0000000083500000, 0x0000000083600000, 0x0000000083600000|100%| O|  |TAMS 0x0000000083600000, 0x0000000083500000| Untracked 
|  54|0x0000000083600000, 0x0000000083700000, 0x0000000083700000|100%| O|  |TAMS 0x0000000083700000, 0x0000000083600000| Untracked 
|  55|0x0000000083700000, 0x0000000083800000, 0x0000000083800000|100%| O|  |TAMS 0x0000000083800000, 0x0000000083700000| Untracked 
|  56|0x0000000083800000, 0x0000000083900000, 0x0000000083900000|100%| O|  |TAMS 0x0000000083900000, 0x0000000083800000| Untracked 
|  57|0x0000000083900000, 0x0000000083a00000, 0x0000000083a00000|100%| O|  |TAMS 0x0000000083a00000, 0x0000000083900000| Untracked 
|  58|0x0000000083a00000, 0x0000000083b00000, 0x0000000083b00000|100%| O|  |TAMS 0x0000000083b00000, 0x0000000083a00000| Untracked 
|  59|0x0000000083b00000, 0x0000000083c00000, 0x0000000083c00000|100%| O|  |TAMS 0x0000000083c00000, 0x0000000083b00000| Untracked 
|  60|0x0000000083c00000, 0x0000000083d00000, 0x0000000083d00000|100%| O|  |TAMS 0x0000000083d00000, 0x0000000083c00000| Untracked 
|  61|0x0000000083d00000, 0x0000000083e00000, 0x0000000083e00000|100%| O|  |TAMS 0x0000000083e00000, 0x0000000083d00000| Untracked 
|  62|0x0000000083e00000, 0x0000000083f00000, 0x0000000083f00000|100%| O|  |TAMS 0x0000000083f00000, 0x0000000083e00000| Untracked 
|  63|0x0000000083f00000, 0x0000000084000000, 0x0000000084000000|100%| O|  |TAMS 0x0000000084000000, 0x0000000083f00000| Untracked 
|  64|0x0000000084000000, 0x0000000084100000, 0x0000000084100000|100%| O|  |TAMS 0x0000000084100000, 0x0000000084000000| Untracked 
|  65|0x0000000084100000, 0x0000000084200000, 0x0000000084200000|100%| O|  |TAMS 0x0000000084200000, 0x0000000084100000| Untracked 
|  66|0x0000000084200000, 0x0000000084300000, 0x0000000084300000|100%| O|  |TAMS 0x0000000084300000, 0x0000000084200000| Untracked 
|  67|0x0000000084300000, 0x0000000084400000, 0x0000000084400000|100%| O|  |TAMS 0x0000000084400000, 0x0000000084300000| Untracked 
|  68|0x0000000084400000, 0x0000000084500000, 0x0000000084500000|100%| O|  |TAMS 0x0000000084500000, 0x0000000084400000| Untracked 
|  69|0x0000000084500000, 0x0000000084600000, 0x0000000084600000|100%| O|  |TAMS 0x0000000084500000, 0x0000000084500000| Untracked 
|  70|0x0000000084600000, 0x0000000084700000, 0x0000000084700000|100%| O|  |TAMS 0x0000000084700000, 0x0000000084600000| Untracked 
|  71|0x0000000084700000, 0x0000000084800000, 0x0000000084800000|100%| O|  |TAMS 0x0000000084800000, 0x0000000084700000| Untracked 
|  72|0x0000000084800000, 0x0000000084900000, 0x0000000084900000|100%| O|  |TAMS 0x0000000084841400, 0x0000000084800000| Untracked 
|  73|0x0000000084900000, 0x0000000084a00000, 0x0000000084a00000|100%| O|  |TAMS 0x0000000084a00000, 0x0000000084900000| Untracked 
|  74|0x0000000084a00000, 0x0000000084b00000, 0x0000000084b00000|100%|HS|  |TAMS 0x0000000084a00000, 0x0000000084a00000| Complete 
|  75|0x0000000084b00000, 0x0000000084c00000, 0x0000000084c00000|100%|HC|  |TAMS 0x0000000084b00000, 0x0000000084b00000| Complete 
|  76|0x0000000084c00000, 0x0000000084d00000, 0x0000000084d00000|100%| O|  |TAMS 0x0000000084c00000, 0x0000000084c00000| Untracked 
|  77|0x0000000084d00000, 0x0000000084e00000, 0x0000000084e00000|100%| O|  |TAMS 0x0000000084d00000, 0x0000000084d00000| Untracked 
|  78|0x0000000084e00000, 0x0000000084f00000, 0x0000000084f00000|100%| O|  |TAMS 0x0000000084f00000, 0x0000000084e00000| Untracked 
|  79|0x0000000084f00000, 0x0000000085000000, 0x0000000085000000|100%| O|  |TAMS 0x0000000084f00000, 0x0000000084f00000| Untracked 
|  80|0x0000000085000000, 0x0000000085100000, 0x0000000085100000|100%| O|  |TAMS 0x0000000085100000, 0x0000000085000000| Untracked 
|  81|0x0000000085100000, 0x0000000085200000, 0x0000000085200000|100%| O|  |TAMS 0x0000000085100000, 0x0000000085100000| Untracked 
|  82|0x0000000085200000, 0x0000000085300000, 0x0000000085300000|100%| O|  |TAMS 0x0000000085200000, 0x0000000085200000| Untracked 
|  83|0x0000000085300000, 0x0000000085400000, 0x0000000085400000|100%| O|  |TAMS 0x0000000085300000, 0x0000000085300000| Untracked 
|  84|0x0000000085400000, 0x0000000085500000, 0x0000000085500000|100%| O|  |TAMS 0x0000000085400000, 0x0000000085400000| Untracked 
|  85|0x0000000085500000, 0x0000000085600000, 0x0000000085600000|100%| O|  |TAMS 0x0000000085500000, 0x0000000085500000| Untracked 
|  86|0x0000000085600000, 0x0000000085700000, 0x0000000085700000|100%| O|  |TAMS 0x0000000085600000, 0x0000000085600000| Untracked 
|  87|0x0000000085700000, 0x0000000085800000, 0x0000000085800000|100%| O|  |TAMS 0x0000000085700000, 0x0000000085700000| Untracked 
|  88|0x0000000085800000, 0x0000000085900000, 0x0000000085900000|100%| O|  |TAMS 0x0000000085800000, 0x0000000085800000| Untracked 
|  89|0x0000000085900000, 0x0000000085a00000, 0x0000000085a00000|100%| O|  |TAMS 0x0000000085900000, 0x0000000085900000| Untracked 
|  90|0x0000000085a00000, 0x0000000085a37600, 0x0000000085b00000| 21%| O|  |TAMS 0x0000000085a00000, 0x0000000085a00000| Untracked 
|  91|0x0000000085b00000, 0x0000000085b00000, 0x0000000085c00000|  0%| F|  |TAMS 0x0000000085b00000, 0x0000000085b00000| Untracked 
|  92|0x0000000085c00000, 0x0000000085c00000, 0x0000000085d00000|  0%| F|  |TAMS 0x0000000085c00000, 0x0000000085c00000| Untracked 
|  93|0x0000000085d00000, 0x0000000085d00000, 0x0000000085e00000|  0%| F|  |TAMS 0x0000000085d00000, 0x0000000085d00000| Untracked 
|  94|0x0000000085e00000, 0x0000000085e00000, 0x0000000085f00000|  0%| F|  |TAMS 0x0000000085e00000, 0x0000000085e00000| Untracked 
|  95|0x0000000085f00000, 0x0000000085f00000, 0x0000000086000000|  0%| F|  |TAMS 0x0000000085f00000, 0x0000000085f00000| Untracked 
|  96|0x0000000086000000, 0x0000000086000000, 0x0000000086100000|  0%| F|  |TAMS 0x0000000086000000, 0x0000000086000000| Untracked 
|  97|0x0000000086100000, 0x0000000086100000, 0x0000000086200000|  0%| F|  |TAMS 0x0000000086100000, 0x0000000086100000| Untracked 
|  98|0x0000000086200000, 0x0000000086200000, 0x0000000086300000|  0%| F|  |TAMS 0x0000000086200000, 0x0000000086200000| Untracked 
|  99|0x0000000086300000, 0x0000000086300000, 0x0000000086400000|  0%| F|  |TAMS 0x0000000086300000, 0x0000000086300000| Untracked 
| 100|0x0000000086400000, 0x0000000086400000, 0x0000000086500000|  0%| F|  |TAMS 0x0000000086400000, 0x0000000086400000| Untracked 
| 101|0x0000000086500000, 0x0000000086500000, 0x0000000086600000|  0%| F|  |TAMS 0x0000000086500000, 0x0000000086500000| Untracked 
| 102|0x0000000086600000, 0x0000000086600000, 0x0000000086700000|  0%| F|  |TAMS 0x0000000086600000, 0x0000000086600000| Untracked 
| 103|0x0000000086700000, 0x0000000086700000, 0x0000000086800000|  0%| F|  |TAMS 0x0000000086700000, 0x0000000086700000| Untracked 
| 104|0x0000000086800000, 0x0000000086889710, 0x0000000086900000| 53%| S|CS|TAMS 0x0000000086800000, 0x0000000086800000| Complete 
| 105|0x0000000086900000, 0x0000000086900000, 0x0000000086a00000|  0%| F|  |TAMS 0x0000000086900000, 0x0000000086900000| Untracked 
| 106|0x0000000086a00000, 0x0000000086b00000, 0x0000000086b00000|100%| S|CS|TAMS 0x0000000086a00000, 0x0000000086a00000| Complete 
| 107|0x0000000086b00000, 0x0000000086b00000, 0x0000000086c00000|  0%| F|  |TAMS 0x0000000086b00000, 0x0000000086b00000| Untracked 
| 108|0x0000000086c00000, 0x0000000086c00000, 0x0000000086d00000|  0%| F|  |TAMS 0x0000000086c00000, 0x0000000086c00000| Untracked 
| 109|0x0000000086d00000, 0x0000000086d00000, 0x0000000086e00000|  0%| F|  |TAMS 0x0000000086d00000, 0x0000000086d00000| Untracked 
| 110|0x0000000086e00000, 0x0000000086e00000, 0x0000000086f00000|  0%| F|  |TAMS 0x0000000086e00000, 0x0000000086e00000| Untracked 
| 111|0x0000000086f00000, 0x0000000086f00000, 0x0000000087000000|  0%| F|  |TAMS 0x0000000086f00000, 0x0000000086f00000| Untracked 
| 112|0x0000000087000000, 0x0000000087000000, 0x0000000087100000|  0%| F|  |TAMS 0x0000000087000000, 0x0000000087000000| Untracked 
| 113|0x0000000087100000, 0x0000000087100000, 0x0000000087200000|  0%| F|  |TAMS 0x0000000087100000, 0x0000000087100000| Untracked 
| 114|0x0000000087200000, 0x0000000087200000, 0x0000000087300000|  0%| F|  |TAMS 0x0000000087200000, 0x0000000087200000| Untracked 
| 115|0x0000000087300000, 0x0000000087300000, 0x0000000087400000|  0%| F|  |TAMS 0x0000000087300000, 0x0000000087300000| Untracked 
| 116|0x0000000087400000, 0x0000000087400000, 0x0000000087500000|  0%| F|  |TAMS 0x0000000087400000, 0x0000000087400000| Untracked 
| 117|0x0000000087500000, 0x00000000875488f0, 0x0000000087600000| 28%| E|  |TAMS 0x0000000087500000, 0x0000000087500000| Complete 
| 118|0x0000000087600000, 0x0000000087700000, 0x0000000087700000|100%| E|CS|TAMS 0x0000000087600000, 0x0000000087600000| Complete 

Card table byte_map: [0x0000000015680000,0x0000000015a80000] _byte_map_base: 0x0000000015280000

Marking Bits (Prev, Next): (CMBitMap*) 0x00000000002518d0, (CMBitMap*) 0x0000000000251898
 Prev Bits: [0x0000000017e80000, 0x0000000019e80000)
 Next Bits: [0x0000000015e80000, 0x0000000017e80000)

Polling page: 0x0000000000430000

Metaspace:

Usage:
  Non-class:     88.65 MB capacity,    87.16 MB ( 98%) used,     1.23 MB (  1%) free+waste,   261.00 KB ( <1%) overhead. 
      Class:     13.52 MB capacity,    12.72 MB ( 94%) used,   705.19 KB (  5%) free+waste,   117.75 KB ( <1%) overhead. 
       Both:    102.17 MB capacity,    99.88 MB ( 98%) used,     1.92 MB (  2%) free+waste,   378.75 KB ( <1%) overhead. 

Virtual space:
  Non-class space:       90.00 MB reserved,      88.67 MB ( 99%) committed 
      Class space:        1.00 GB reserved,      13.63 MB (  1%) committed 
             Both:        1.09 GB reserved,     102.30 MB (  9%) committed 

Chunk freelists:
   Non-Class:  26.00 KB
       Class:  9.00 KB
        Both:  35.00 KB

MaxMetaspaceSize: 17179869184.00 GB
CompressedClassSpaceSize: 1.00 GB

CodeHeap 'non-profiled nmethods': size=120064Kb used=9614Kb max_used=9614Kb free=110449Kb
 bounds [0x000000000d8d0000, 0x000000000e240000, 0x0000000014e10000]
CodeHeap 'profiled nmethods': size=120000Kb used=31200Kb max_used=31200Kb free=88800Kb
 bounds [0x00000000063a0000, 0x0000000008230000, 0x000000000d8d0000]
CodeHeap 'non-nmethods': size=5696Kb used=2309Kb max_used=2337Kb free=3387Kb
 bounds [0x0000000005e10000, 0x0000000006080000, 0x00000000063a0000]
 total_blobs=14927 nmethods=13980 adapters=858
 compilation: enabled
              stopped_count=0, restarted_count=0
 full_count=0

Compilation events (20 events):
Event: 194.432 Thread 0x000000005d0df800 nmethod 14621 0x00000000081ccb90 code [0x00000000081ccd60, 0x00000000081ccf38]
Event: 194.432 Thread 0x000000005d0df800 14618       3       java.util.HashMap$EntrySpliterator::characteristics (30 bytes)
Event: 194.432 Thread 0x000000005d0df800 nmethod 14618 0x00000000081cd010 code [0x00000000081cd1c0, 0x00000000081cd358]
Event: 194.432 Thread 0x000000005d0df800 14623       3       com.android.tools.r8.u.b.h0::a (24 bytes)
Event: 194.433 Thread 0x000000005d0df800 nmethod 14623 0x00000000081cd410 code [0x00000000081cd600, 0x00000000081cdcb8]
Event: 194.433 Thread 0x000000005d0df800 14619       1       com.android.tools.r8.ir.regalloc.b::l (5 bytes)
Event: 194.433 Thread 0x000000005d0df800 nmethod 14619 0x000000000dd39110 code [0x000000000dd392c0, 0x000000000dd39378]
Event: 194.434 Thread 0x000000005d0df800 14625       3       com.android.tools.r8.s.a.a.b.f2::c (13 bytes)
Event: 194.435 Thread 0x000000005d0df800 nmethod 14625 0x00000000081cde90 code [0x00000000081ce040, 0x00000000081ce188]
Event: 194.435 Thread 0x000000005d0df800 14626       3       com.android.tools.r8.u.b.g::a (6 bytes)
Event: 194.435 Thread 0x000000005d0df800 nmethod 14626 0x00000000081ce290 code [0x00000000081ce480, 0x00000000081ce968]
Event: 194.435 Thread 0x000000005d0df800 14627       3       com.android.tools.r8.s.a.a.b.D1::<init> (5 bytes)
Event: 194.435 Thread 0x000000005d0df800 nmethod 14627 0x00000000081ceb90 code [0x00000000081ced40, 0x00000000081ceef8]
Event: 194.436 Thread 0x000000005d0df800 14628       1       com.android.tools.r8.graph.q::isDexCode (2 bytes)
Event: 194.436 Thread 0x000000005d0df800 nmethod 14628 0x000000000dd38e10 code [0x000000000dd38fc0, 0x000000000dd39078]
Event: 194.436 Thread 0x000000005d0df800 14629       1       com.android.tools.r8.u.b.s::a (5 bytes)
Event: 194.436 Thread 0x000000005d0df800 nmethod 14629 0x000000000dd38b10 code [0x000000000dd38cc0, 0x000000000dd38d78]
Event: 194.448 Thread 0x000000005d0df800 14631       3       com.android.tools.r8.u.b.W::b (74 bytes)
Event: 194.450 Thread 0x000000005d0df800 nmethod 14631 0x00000000081cf010 code [0x00000000081cf320, 0x00000000081d05a8]
Event: 194.450 Thread 0x000000005d0df800 14633       3       com.android.tools.r8.ir.optimize.l::t (468 bytes)

GC Heap History (20 events):
Event: 185.295 GC heap before
{Heap before GC invocations=106 (full 0):
 garbage-first heap   total 121856K, used 103282K [0x0000000080000000, 0x0000000100000000)
  region size 1024K, 23 young (23552K), 2 survivors (2048K)
 Metaspace       used 93647K, capacity 95798K, committed 96048K, reserved 1132544K
  class space    used 11839K, capacity 12587K, committed 12672K, reserved 1048576K
}
Event: 185.310 GC heap after
{Heap after GC invocations=107 (full 0):
 garbage-first heap   total 121856K, used 83613K [0x0000000080000000, 0x0000000100000000)
  region size 1024K, 3 young (3072K), 3 survivors (3072K)
 Metaspace       used 93647K, capacity 95798K, committed 96048K, reserved 1132544K
  class space    used 11839K, capacity 12587K, committed 12672K, reserved 1048576K
}
Event: 186.760 GC heap before
{Heap before GC invocations=107 (full 0):
 garbage-first heap   total 121856K, used 103069K [0x0000000080000000, 0x0000000100000000)
  region size 1024K, 23 young (23552K), 3 survivors (3072K)
 Metaspace       used 94001K, capacity 96169K, committed 96304K, reserved 1132544K
  class space    used 11883K, capacity 12638K, committed 12672K, reserved 1048576K
}
Event: 186.773 GC heap after
{Heap after GC invocations=108 (full 0):
 garbage-first heap   total 121856K, used 84013K [0x0000000080000000, 0x0000000100000000)
  region size 1024K, 3 young (3072K), 3 survivors (3072K)
 Metaspace       used 94001K, capacity 96169K, committed 96304K, reserved 1132544K
  class space    used 11883K, capacity 12638K, committed 12672K, reserved 1048576K
}
Event: 187.787 GC heap before
{Heap before GC invocations=108 (full 0):
 garbage-first heap   total 121856K, used 103469K [0x0000000080000000, 0x0000000100000000)
  region size 1024K, 23 young (23552K), 3 survivors (3072K)
 Metaspace       used 95532K, capacity 97731K, committed 97840K, reserved 1134592K
  class space    used 12108K, capacity 12881K, committed 12928K, reserved 1048576K
}
Event: 187.804 GC heap after
{Heap after GC invocations=109 (full 0):
 garbage-first heap   total 121856K, used 86110K [0x0000000080000000, 0x0000000100000000)
  region size 1024K, 3 young (3072K), 3 survivors (3072K)
 Metaspace       used 95532K, capacity 97731K, committed 97840K, reserved 1134592K
  class space    used 12108K, capacity 12881K, committed 12928K, reserved 1048576K
}
Event: 188.612 GC heap before
{Heap before GC invocations=109 (full 0):
 garbage-first heap   total 121856K, used 101470K [0x0000000080000000, 0x0000000100000000)
  region size 1024K, 19 young (19456K), 3 survivors (3072K)
 Metaspace       used 96591K, capacity 98798K, committed 98992K, reserved 1134592K
  class space    used 12256K, capacity 13026K, committed 13056K, reserved 1048576K
}
Event: 188.627 GC heap after
{Heap after GC invocations=110 (full 0):
 garbage-first heap   total 121856K, used 85982K [0x0000000080000000, 0x0000000100000000)
  region size 1024K, 2 young (2048K), 2 survivors (2048K)
 Metaspace       used 96591K, capacity 98798K, committed 98992K, reserved 1134592K
  class space    used 12256K, capacity 13026K, committed 13056K, reserved 1048576K
}
Event: 189.779 GC heap before
{Heap before GC invocations=110 (full 0):
 garbage-first heap   total 121856K, used 103390K [0x0000000080000000, 0x0000000100000000)
  region size 1024K, 18 young (18432K), 2 survivors (2048K)
 Metaspace       used 97153K, capacity 99368K, committed 99632K, reserved 1136640K
  class space    used 12329K, capacity 13108K, committed 13184K, reserved 1048576K
}
Event: 189.797 GC heap after
{Heap after GC invocations=111 (full 0):
 garbage-first heap   total 121856K, used 87540K [0x0000000080000000, 0x0000000100000000)
  region size 1024K, 3 young (3072K), 3 survivors (3072K)
 Metaspace       used 97153K, capacity 99368K, committed 99632K, reserved 1136640K
  class space    used 12329K, capacity 13108K, committed 13184K, reserved 1048576K
}
Event: 190.340 GC heap before
{Heap before GC invocations=111 (full 0):
 garbage-first heap   total 121856K, used 101876K [0x0000000080000000, 0x0000000100000000)
  region size 1024K, 18 young (18432K), 3 survivors (3072K)
 Metaspace       used 97714K, capacity 100031K, committed 100144K, reserved 1136640K
  class space    used 12392K, capacity 13176K, committed 13184K, reserved 1048576K
}
Event: 190.374 GC heap after
{Heap after GC invocations=112 (full 0):
 garbage-first heap   total 121856K, used 90480K [0x0000000080000000, 0x0000000100000000)
  region size 1024K, 3 young (3072K), 3 survivors (3072K)
 Metaspace       used 97714K, capacity 100031K, committed 100144K, reserved 1136640K
  class space    used 12392K, capacity 13176K, committed 13184K, reserved 1048576K
}
Event: 191.731 GC heap before
{Heap before GC invocations=112 (full 0):
 garbage-first heap   total 121856K, used 102768K [0x0000000080000000, 0x0000000100000000)
  region size 1024K, 15 young (15360K), 3 survivors (3072K)
 Metaspace       used 98520K, capacity 100808K, committed 101040K, reserved 1136640K
  class space    used 12508K, capacity 13307K, committed 13312K, reserved 1048576K
}
Event: 191.746 GC heap after
{Heap after GC invocations=113 (full 0):
 garbage-first heap   total 121856K, used 92371K [0x0000000080000000, 0x0000000100000000)
  region size 1024K, 2 young (2048K), 2 survivors (2048K)
 Metaspace       used 98520K, capacity 100808K, committed 101040K, reserved 1136640K
  class space    used 12508K, capacity 13307K, committed 13312K, reserved 1048576K
}
Event: 192.476 GC heap before
{Heap before GC invocations=113 (full 0):
 garbage-first heap   total 121856K, used 102611K [0x0000000080000000, 0x0000000100000000)
  region size 1024K, 13 young (13312K), 2 survivors (2048K)
 Metaspace       used 100821K, capacity 103175K, committed 103216K, reserved 1138688K
  class space    used 12890K, capacity 13694K, committed 13696K, reserved 1048576K
}
Event: 192.495 GC heap after
{Heap after GC invocations=114 (full 0):
 garbage-first heap   total 121856K, used 92500K [0x0000000080000000, 0x0000000100000000)
  region size 1024K, 1 young (1024K), 1 survivors (1024K)
 Metaspace       used 100821K, capacity 103175K, committed 103216K, reserved 1138688K
  class space    used 12890K, capacity 13694K, committed 13696K, reserved 1048576K
}
Event: 193.420 GC heap before
{Heap before GC invocations=114 (full 0):
 garbage-first heap   total 121856K, used 103764K [0x0000000080000000, 0x0000000100000000)
  region size 1024K, 12 young (12288K), 1 survivors (1024K)
 Metaspace       used 101628K, capacity 103968K, committed 104112K, reserved 1140736K
  class space    used 12978K, capacity 13803K, committed 13824K, reserved 1048576K
}
Event: 193.430 GC heap after
{Heap after GC invocations=115 (full 0):
 garbage-first heap   total 121856K, used 92836K [0x0000000080000000, 0x0000000100000000)
  region size 1024K, 1 young (1024K), 1 survivors (1024K)
 Metaspace       used 101628K, capacity 103968K, committed 104112K, reserved 1140736K
  class space    used 12978K, capacity 13803K, committed 13824K, reserved 1048576K
}
Event: 193.950 GC heap before
{Heap before GC invocations=115 (full 0):
 garbage-first heap   total 121856K, used 104100K [0x0000000080000000, 0x0000000100000000)
  region size 1024K, 12 young (12288K), 1 survivors (1024K)
 Metaspace       used 101969K, capacity 104353K, committed 104496K, reserved 1140736K
  class space    used 13005K, capacity 13845K, committed 13952K, reserved 1048576K
}
Event: 193.963 GC heap after
{Heap after GC invocations=116 (full 0):
 garbage-first heap   total 121856K, used 93347K [0x0000000080000000, 0x0000000100000000)
  region size 1024K, 2 young (2048K), 2 survivors (2048K)
 Metaspace       used 101969K, capacity 104353K, committed 104496K, reserved 1140736K
  class space    used 13005K, capacity 13845K, committed 13952K, reserved 1048576K
}

Deoptimization events (20 events):
Event: 193.759 Thread 0x000000005fe24800 Uncommon trap: trap_request=0xffffffec fr.pc=0x000000000da4ffac relative=0x000000000000024c
Event: 193.759 Thread 0x000000005fe24800 Uncommon trap: reason=null_assert_or_unreached0 action=make_not_entrant pc=0x000000000da4ffac method=com.android.tools.r8.ir.regalloc.a.a(Lcom/android/tools/r8/u/b/m1;Ljava/util/Collection;)Z @ 41 c2
Event: 193.759 Thread 0x000000005fe24800 DEOPT PACKING pc=0x000000000da4ffac sp=0x00000000612974f0
Event: 193.759 Thread 0x000000005fe24800 DEOPT UNPACKING pc=0x0000000005e365a9 sp=0x0000000061297418 mode 2
Event: 193.810 Thread 0x000000005fe24800 Uncommon trap: trap_request=0xffffffc6 fr.pc=0x000000000e03adc8 relative=0x0000000000000108
Event: 193.810 Thread 0x000000005fe24800 Uncommon trap: reason=bimorphic_or_optimized_type_check action=maybe_recompile pc=0x000000000e03adc8 method=java.util.TreeSet.addAll(Ljava/util/Collection;)Z @ 13 c2
Event: 193.810 Thread 0x000000005fe24800 DEOPT PACKING pc=0x000000000e03adc8 sp=0x00000000612974b0
Event: 193.810 Thread 0x000000005fe24800 DEOPT UNPACKING pc=0x0000000005e365a9 sp=0x0000000061297430 mode 2
Event: 194.439 Thread 0x000000005fe24800 Uncommon trap: trap_request=0xffffff4d fr.pc=0x000000000da4ed4c relative=0x000000000000008c
Event: 194.439 Thread 0x000000005fe24800 Uncommon trap: reason=unstable_if action=reinterpret pc=0x000000000da4ed4c method=com.android.tools.r8.ir.conversion.o.b(Lcom/android/tools/r8/r/n/z;)Z @ 25 c2
Event: 194.439 Thread 0x000000005fe24800 DEOPT PACKING pc=0x000000000da4ed4c sp=0x0000000061296e10
Event: 194.439 Thread 0x000000005fe24800 DEOPT UNPACKING pc=0x0000000005e365a9 sp=0x0000000061296d90 mode 2
Event: 194.449 Thread 0x000000005fe24800 Uncommon trap: trap_request=0xffffffc6 fr.pc=0x000000000e230694 relative=0x0000000000000cf4
Event: 194.449 Thread 0x000000005fe24800 Uncommon trap: reason=bimorphic_or_optimized_type_check action=maybe_recompile pc=0x000000000e230694 method=com.android.tools.r8.u.a.i.e.b(Lcom/android/tools/r8/u/b/h0;)V @ 463 c2
Event: 194.449 Thread 0x000000005fe24800 DEOPT PACKING pc=0x000000000e230694 sp=0x0000000061297600
Event: 194.449 Thread 0x000000005fe24800 DEOPT UNPACKING pc=0x0000000005e365a9 sp=0x00000000612975e0 mode 2
Event: 194.449 Thread 0x000000005fe24800 Uncommon trap: trap_request=0xffffffc6 fr.pc=0x000000000e230694 relative=0x0000000000000cf4
Event: 194.449 Thread 0x000000005fe24800 Uncommon trap: reason=bimorphic_or_optimized_type_check action=maybe_recompile pc=0x000000000e230694 method=com.android.tools.r8.u.a.i.e.b(Lcom/android/tools/r8/u/b/h0;)V @ 463 c2
Event: 194.449 Thread 0x000000005fe24800 DEOPT PACKING pc=0x000000000e230694 sp=0x00000000612976f0
Event: 194.449 Thread 0x000000005fe24800 DEOPT UNPACKING pc=0x0000000005e365a9 sp=0x00000000612976e0 mode 2

Classes redefined (0 events):
No events

Internal exceptions (20 events):
Event: 186.293 Thread 0x00000000628e0800 Exception <a 'sun/nio/fs/WindowsException'{0x0000000086a7eb18}> (0x0000000086a7eb18) thrown at [./src/hotspot/share/prims/jni.cpp, line 615]
Event: 186.384 Thread 0x00000000628e0800 Exception <a 'java/lang/NoSuchMethodError'{0x0000000086ab16f0}: <clinit>> (0x0000000086ab16f0) thrown at [./src/hotspot/share/prims/jni.cpp, line 1362]
Event: 186.408 Thread 0x00000000628e0800 Exception <a 'java/lang/NoSuchMethodError'{0x0000000086ad0f58}: <clinit>> (0x0000000086ad0f58) thrown at [./src/hotspot/share/prims/jni.cpp, line 1362]
Event: 186.439 Thread 0x000000006441f800 Exception <a 'sun/nio/fs/WindowsException'{0x0000000086960260}> (0x0000000086960260) thrown at [./src/hotspot/share/prims/jni.cpp, line 615]
Event: 186.445 Thread 0x000000005fe24800 Exception <a 'sun/nio/fs/WindowsException'{0x00000000869bd290}> (0x00000000869bd290) thrown at [./src/hotspot/share/prims/jni.cpp, line 615]
Event: 187.321 Thread 0x000000005fe24800 Exception <a 'sun/nio/fs/WindowsException'{0x000000008685c3c0}> (0x000000008685c3c0) thrown at [./src/hotspot/share/prims/jni.cpp, line 615]
Event: 188.259 Thread 0x000000006441f800 Exception <a 'java/lang/NoSuchMethodError'{0x0000000086ff8068}: 'java.lang.Object java.lang.invoke.DirectMethodHandle$Holder.invokeVirtual(java.lang.Object, java.lang.Object, int)'> (0x0000000086ff8068) thrown at [./src/hotspot/share/interpreter/linkResolver.cpp, line 773]
Event: 188.388 Thread 0x000000006441f800 Exception <a 'java/lang/NoSuchMethodError'{0x0000000086d03240}: 'void java.lang.invoke.DirectMethodHandle$Holder.invokeStatic(java.lang.Object, java.lang.Object, java.lang.Object, int)'> (0x0000000086d03240) thrown at [./src/hotspot/share/interpreter/linkResolver.cpp, line 773]
Event: 188.471 Thread 0x000000005fe24800 Exception <a 'java/lang/NoSuchMethodError'{0x0000000086cee628}: 'java.lang.Object java.lang.invoke.DirectMethodHandle$Holder.invokeStatic(java.lang.Object, java.lang.Object, java.lang.Object, java.lang.Object, java.lang.Object, java.lang.Object, java.lang.Object, java.lang.Object, java.lang.Object, java.lang.Object, java.lang.Object, java.lang.Object, java.lang.Object, java.lang.Object, java.lang.Object, java.lang.Object, java.lang.Object, int, java.lang.Object)'> (0x0000000086cee628) thrown at [./src/hots
Event: 188.472 Thread 0x000000005fe24800 Exception <a 'java/lang/NoSuchMethodError'{0x0000000086cf4c68}: 'java.lang.Object java.lang.invoke.DirectMethodHandle$Holder.invokeStaticInit(java.lang.Object, java.lang.Object, java.lang.Object, java.lang.Object, java.lang.Object, java.lang.Object, java.lang.Object, java.lang.Object, java.lang.Object, java.lang.Object, java.lang.Object, java.lang.Object, java.lang.Object, java.lang.Object, java.lang.Object, java.lang.Object, java.lang.Object, int, java.lang.Object)'> (0x0000000086cf4c68) thrown at [./src/
Event: 189.099 Thread 0x00000000628e0800 Exception <a 'sun/nio/fs/WindowsException'{0x0000000086dfe318}> (0x0000000086dfe318) thrown at [./src/hotspot/share/prims/jni.cpp, line 615]
Event: 189.479 Thread 0x00000000628e0800 Exception <a 'sun/nio/fs/WindowsException'{0x00000000869af4f8}> (0x00000000869af4f8) thrown at [./src/hotspot/share/prims/jni.cpp, line 615]
Event: 191.751 Thread 0x000000005fe24800 Exception <a 'java/lang/NoSuchMethodError'{0x0000000087621670}: 'long java.lang.invoke.DirectMethodHandle$Holder.invokeStatic(java.lang.Object, java.lang.Object)'> (0x0000000087621670) thrown at [./src/hotspot/share/interpreter/linkResolver.cpp, line 773]
Event: 191.754 Thread 0x000000005fe24800 Exception <a 'java/lang/NoSuchMethodError'{0x0000000087634a98}: 'void java.lang.invoke.DirectMethodHandle$Holder.invokeSpecial(java.lang.Object, java.lang.Object, int, java.lang.Object)'> (0x0000000087634a98) thrown at [./src/hotspot/share/interpreter/linkResolver.cpp, line 773]
Event: 191.754 Thread 0x00000000628e0800 Exception <a 'java/lang/NoSuchMethodError'{0x0000000087647800}: 'void java.lang.invoke.DirectMethodHandle$Holder.invokeSpecial(java.lang.Object, java.lang.Object, int, java.lang.Object)'> (0x0000000087647800) thrown at [./src/hotspot/share/interpreter/linkResolver.cpp, line 773]
Event: 191.903 Thread 0x00000000628e0800 Exception <a 'java/lang/NoSuchMethodError'{0x00000000874e3c58}: 'java.lang.Object java.lang.invoke.DirectMethodHandle$Holder.invokeVirtual(java.lang.Object, java.lang.Object, int, java.lang.Object)'> (0x00000000874e3c58) thrown at [./src/hotspot/share/interpreter/linkResolver.cpp, line 773]
Event: 191.904 Thread 0x000000005fe24800 Exception <a 'java/lang/NoSuchMethodError'{0x00000000876e3290}: 'java.lang.Object java.lang.invoke.DirectMethodHandle$Holder.invokeVirtual(java.lang.Object, java.lang.Object, int, java.lang.Object)'> (0x00000000876e3290) thrown at [./src/hotspot/share/interpreter/linkResolver.cpp, line 773]
Event: 192.033 Thread 0x00000000628e0800 Exception <a 'java/lang/NoSuchMethodError'{0x00000000872a8758}: 'void java.lang.invoke.DirectMethodHandle$Holder.invokeVirtual(java.lang.Object, java.lang.Object, int, java.lang.Object)'> (0x00000000872a8758) thrown at [./src/hotspot/share/interpreter/linkResolver.cpp, line 773]
Event: 192.276 Thread 0x00000000628e0800 Exception <a 'java/lang/NoSuchMethodError'{0x0000000086fc8840}: 'java.lang.Object java.lang.invoke.DirectMethodHandle$Holder.newInvokeSpecial(java.lang.Object, int)'> (0x0000000086fc8840) thrown at [./src/hotspot/share/interpreter/linkResolver.cpp, line 773]
Event: 192.825 Thread 0x000000005fe24800 Exception <a 'java/lang/NoSuchMethodError'{0x0000000087008500}: 'java.lang.Object java.lang.invoke.DirectMethodHandle$Holder.invokeInterface(java.lang.Object, java.lang.Object, int)'> (0x0000000087008500) thrown at [./src/hotspot/share/interpreter/linkResolver.cpp, line 773]

Events (20 events):
Event: 194.444 loading class com/android/tools/r8/code/n3
Event: 194.444 loading class com/android/tools/r8/code/n3 done
Event: 194.445 loading class com/android/tools/r8/code/H2
Event: 194.445 loading class com/android/tools/r8/code/H2 done
Event: 194.445 loading class com/android/tools/r8/code/J2
Event: 194.445 loading class com/android/tools/r8/code/J2 done
Event: 194.446 loading class com/android/tools/r8/code/K2
Event: 194.446 loading class com/android/tools/r8/code/K2 done
Event: 194.446 loading class com/android/tools/r8/code/L2
Event: 194.446 loading class com/android/tools/r8/code/L2 done
Event: 194.447 loading class com/android/tools/r8/code/M2
Event: 194.447 loading class com/android/tools/r8/code/M2 done
Event: 194.447 loading class com/android/tools/r8/code/I2
Event: 194.447 loading class com/android/tools/r8/code/I2 done
Event: 194.450 loading class java/util/IdentityHashMap$EntrySet
Event: 194.450 loading class java/util/IdentityHashMap$EntrySet done
Event: 194.450 loading class java/util/IdentityHashMap$EntryIterator
Event: 194.450 loading class java/util/IdentityHashMap$EntryIterator done
Event: 194.450 Executing VM operation: Deoptimize
Event: 194.453 Executing VM operation: Deoptimize done


Dynamic libraries:
0x000000013f280000 - 0x000000013f28a000 	C:\Program Files\JetBrains\IntelliJ IDEA Community Edition 2020.2.3\jbr\bin\java.exe
0x0000000077980000 - 0x0000000077b2a000 	C:\Windows\SYSTEM32\ntdll.dll
0x0000000077860000 - 0x000000007797f000 	C:\Windows\system32\kernel32.dll
0x000007fefd6b0000 - 0x000007fefd71a000 	C:\Windows\system32\KERNELBASE.dll
0x000007fef0af0000 - 0x000007fef0b09000 	C:\Program Files\JetBrains\IntelliJ IDEA Community Edition 2020.2.3\jbr\bin\jli.dll
0x000007fefbc90000 - 0x000007fefbe84000 	C:\Windows\WinSxS\amd64_microsoft.windows.common-controls_6595b64144ccf1df_6.0.7601.18837_none_fa3b1e3d17594757\COMCTL32.dll
0x000007fefe3b0000 - 0x000007fefe44f000 	C:\Windows\system32\msvcrt.dll
0x000007feff980000 - 0x000007feff9e7000 	C:\Windows\system32\GDI32.dll
0x0000000077760000 - 0x000000007785a000 	C:\Windows\system32\USER32.dll
0x000007fefe450000 - 0x000007fefe45e000 	C:\Windows\system32\LPK.dll
0x000007fefe100000 - 0x000007fefe1cb000 	C:\Windows\system32\USP10.dll
0x000007feffa40000 - 0x000007feffab1000 	C:\Windows\system32\SHLWAPI.dll
0x000007fef7dd0000 - 0x000007fef7de7000 	C:\Program Files\JetBrains\IntelliJ IDEA Community Edition 2020.2.3\jbr\bin\VCRUNTIME140.dll
0x000007fefbc80000 - 0x000007fefbc84000 	C:\Windows\system32\api-ms-win-crt-runtime-l1-1-0.dll
0x000007fef2990000 - 0x000007fef2a84000 	C:\Windows\system32\ucrtbase.DLL
0x000007fefbc60000 - 0x000007fefbc63000 	C:\Windows\system32\api-ms-win-core-timezone-l1-1-0.dll
0x000007fef7d30000 - 0x000007fef7d33000 	C:\Windows\system32\api-ms-win-core-file-l2-1-0.dll
0x000007fef7d20000 - 0x000007fef7d23000 	C:\Windows\system32\api-ms-win-core-localization-l1-2-0.dll
0x000007fefa740000 - 0x000007fefa743000 	C:\Windows\system32\api-ms-win-core-synch-l1-2-0.dll
0x000007fef7d10000 - 0x000007fef7d13000 	C:\Windows\system32\api-ms-win-core-processthreads-l1-1-1.dll
0x000007fef7d00000 - 0x000007fef7d03000 	C:\Windows\system32\api-ms-win-core-file-l1-2-0.dll
0x000007fef7bf0000 - 0x000007fef7bf4000 	C:\Windows\system32\api-ms-win-crt-string-l1-1-0.dll
0x000007fef7b20000 - 0x000007fef7b23000 	C:\Windows\system32\api-ms-win-crt-heap-l1-1-0.dll
0x000007fef7b10000 - 0x000007fef7b14000 	C:\Windows\system32\api-ms-win-crt-stdio-l1-1-0.dll
0x000007fef64d0000 - 0x000007fef64d4000 	C:\Windows\system32\api-ms-win-crt-convert-l1-1-0.dll
0x000007fef64c0000 - 0x000007fef64c3000 	C:\Windows\system32\api-ms-win-crt-environment-l1-1-0.dll
0x000007fef43a0000 - 0x000007fef43a3000 	C:\Windows\system32\api-ms-win-crt-filesystem-l1-1-0.dll
0x000007fef43c0000 - 0x000007fef43c5000 	C:\Windows\system32\api-ms-win-crt-math-l1-1-0.dll
0x000007fef2fa0000 - 0x000007fef2fa3000 	C:\Windows\system32\api-ms-win-crt-locale-l1-1-0.dll
0x000007fefda30000 - 0x000007fefda5e000 	C:\Windows\system32\IMM32.DLL
0x000007fefdff0000 - 0x000007fefe0f9000 	C:\Windows\system32\MSCTF.dll
0x000007feebaa0000 - 0x000007feebb3d000 	C:\Program Files\JetBrains\IntelliJ IDEA Community Edition 2020.2.3\jbr\bin\msvcp140.dll
0x000007fef2f90000 - 0x000007fef2f95000 	C:\Windows\system32\api-ms-win-crt-multibyte-l1-1-0.dll
0x000007fef4390000 - 0x000007fef4393000 	C:\Windows\system32\api-ms-win-crt-time-l1-1-0.dll
0x000007fef4780000 - 0x000007fef4783000 	C:\Windows\system32\api-ms-win-crt-utility-l1-1-0.dll
0x000007fee0520000 - 0x000007fee0fdd000 	C:\Program Files\JetBrains\IntelliJ IDEA Community Edition 2020.2.3\jbr\bin\server\jvm.dll
0x000007feff860000 - 0x000007feff93b000 	C:\Windows\system32\ADVAPI32.dll
0x000007feff940000 - 0x000007feff95f000 	C:\Windows\SYSTEM32\sechost.dll
0x000007fefdbf0000 - 0x000007fefdd1d000 	C:\Windows\system32\RPCRT4.dll
0x000007fefa7a0000 - 0x000007fefa7a9000 	C:\Windows\system32\WSOCK32.dll
0x000007feff9f0000 - 0x000007feffa3d000 	C:\Windows\system32\WS2_32.dll
0x000007feffac0000 - 0x000007feffac8000 	C:\Windows\system32\NSI.dll
0x000007fefaf90000 - 0x000007fefafcb000 	C:\Windows\system32\WINMM.dll
0x000007fefc6b0000 - 0x000007fefc6bc000 	C:\Windows\system32\VERSION.dll
0x0000000077b40000 - 0x0000000077b47000 	C:\Windows\system32\PSAPI.DLL
0x000007fef32e0000 - 0x000007fef32f1000 	C:\Program Files\JetBrains\IntelliJ IDEA Community Edition 2020.2.3\jbr\bin\verify.dll
0x000007fef6160000 - 0x000007fef6285000 	C:\Windows\system32\DBGHELP.DLL
0x000007fef32b0000 - 0x000007fef32d9000 	C:\Program Files\JetBrains\IntelliJ IDEA Community Edition 2020.2.3\jbr\bin\java.dll
0x000007fef3a10000 - 0x000007fef3a1b000 	C:\Program Files\JetBrains\IntelliJ IDEA Community Edition 2020.2.3\jbr\bin\jimage.dll
0x000007fef3270000 - 0x000007fef3288000 	C:\Program Files\JetBrains\IntelliJ IDEA Community Edition 2020.2.3\jbr\bin\zip.dll
0x000007fefead0000 - 0x000007feff85a000 	C:\Windows\system32\SHELL32.dll
0x000007fefe460000 - 0x000007fefe65c000 	C:\Windows\system32\ole32.dll
0x000007fefd680000 - 0x000007fefd68f000 	C:\Windows\system32\profapi.dll
0x000007fef3090000 - 0x000007fef30aa000 	C:\Program Files\JetBrains\IntelliJ IDEA Community Edition 2020.2.3\jbr\bin\net.dll
0x000007fef9460000 - 0x000007fef94d1000 	C:\Windows\system32\WINHTTP.dll
0x000007fef93c0000 - 0x000007fef9425000 	C:\Windows\system32\webio.dll
0x000007fefce40000 - 0x000007fefce95000 	C:\Windows\system32\mswsock.dll
0x000007fefce30000 - 0x000007fefce37000 	C:\Windows\System32\wship6.dll
0x000007fef3070000 - 0x000007fef3084000 	C:\Program Files\JetBrains\IntelliJ IDEA Community Edition 2020.2.3\jbr\bin\nio.dll
0x000007fef1290000 - 0x000007fef12b6000 	C:\Users\Alexey\.gradle\native\31\windows-amd64\native-platform.dll
0x000007fef3060000 - 0x000007fef306a000 	C:\Program Files\JetBrains\IntelliJ IDEA Community Edition 2020.2.3\jbr\bin\management.dll
0x000007fef3050000 - 0x000007fef305c000 	C:\Program Files\JetBrains\IntelliJ IDEA Community Edition 2020.2.3\jbr\bin\management_ext.dll
0x000007fefcea0000 - 0x000007fefceb8000 	C:\Windows\system32\CRYPTSP.dll
0x000007fefcba0000 - 0x000007fefcbe7000 	C:\Windows\system32\rsaenh.dll
0x000007fefd690000 - 0x000007fefd6ae000 	C:\Windows\system32\USERENV.dll
0x000007fefd510000 - 0x000007fefd51f000 	C:\Windows\system32\CRYPTBASE.dll
0x000007fefb4e0000 - 0x000007fefb507000 	C:\Windows\system32\IPHLPAPI.DLL
0x000007fefb4c0000 - 0x000007fefb4cb000 	C:\Windows\system32\WINNSI.DLL
0x000007fefb350000 - 0x000007fefb361000 	C:\Windows\system32\dhcpcsvc6.DLL
0x000007fefb2d0000 - 0x000007fefb2e8000 	C:\Windows\system32\dhcpcsvc.DLL
0x000007fef2b00000 - 0x000007fef2b28000 	C:\Program Files\JetBrains\IntelliJ IDEA Community Edition 2020.2.3\jbr\bin\sunec.dll
0x000007fefc7d0000 - 0x000007fefc7d7000 	C:\Windows\System32\wshtcpip.dll
0x000007fefccc0000 - 0x000007fefcd1b000 	C:\Windows\system32\DNSAPI.dll
0x000007fef7f00000 - 0x000007fef7f2f000 	C:\Program Files\Common Files\Microsoft Shared\Windows Live\WLIDNSP.DLL
0x0000000071750000 - 0x0000000071776000 	C:\Program Files\Bonjour\mdnsNSP.dll
0x000007fef7ef0000 - 0x000007fef7ef8000 	C:\Windows\system32\rasadhlp.dll
0x000007fefb380000 - 0x000007fefb3d3000 	C:\Windows\System32\fwpuclnt.dll
0x000007fefd4b0000 - 0x000007fefd507000 	C:\Windows\system32\apphelp.dll

dbghelp: loaded successfully - version: 4.0.5 - missing functions: none
symbol engine: initialized successfully - sym options: 0x614 - pdb path: .;C:\Program Files\JetBrains\IntelliJ IDEA Community Edition 2020.2.3\jbr\bin;C:\Windows\SYSTEM32;C:\Windows\WinSxS\amd64_microsoft.windows.common-controls_6595b64144ccf1df_6.0.7601.18837_none_fa3b1e3d17594757;C:\Program Files\JetBrains\IntelliJ IDEA Community Edition 2020.2.3\jbr\bin\server;C:\Users\Alexey\.gradle\native\31\windows-amd64;C:\Program Files\Common Files\Microsoft Shared\Windows Live;C:\Program Files\Bonjour

VM Arguments:
jvm_args: --add-opens=java.base/java.util=ALL-UNNAMED --add-opens=java.base/java.lang=ALL-UNNAMED --add-opens=java.base/java.lang.invoke=ALL-UNNAMED --add-opens=java.prefs/java.util.prefs=ALL-UNNAMED -Xmx2048m -Dfile.encoding=windows-1251 -Duser.country=RU -Duser.language=ru -Duser.variant 
java_command: org.gradle.launcher.daemon.bootstrap.GradleDaemon 6.1.1
java_class_path (initial): C:\Users\Alexey\.gradle\wrapper\dists\gradle-6.1.1-all\cfmwm155h49vnt3hynmlrsdst\gradle-6.1.1\lib\gradle-launcher-6.1.1.jar
Launcher Type: SUN_STANDARD

[Global flags]
     intx CICompilerCount                          = 2                                         {product} {ergonomic}
     uint ConcGCThreads                            = 1                                         {product} {ergonomic}
     uint G1ConcRefinementThreads                  = 2                                         {product} {ergonomic}
   size_t G1HeapRegionSize                         = 1048576                                   {product} {ergonomic}
    uintx GCDrainStackTargetSize                   = 64                                        {product} {ergonomic}
   size_t InitialHeapSize                          = 58720256                                  {product} {ergonomic}
   size_t MarkStackSize                            = 4194304                                   {product} {ergonomic}
   size_t MaxHeapSize                              = 2147483648                                {product} {command line}
   size_t MaxNewSize                               = 1287651328                                {product} {ergonomic}
   size_t MinHeapDeltaBytes                        = 1048576                                   {product} {ergonomic}
    uintx NonNMethodCodeHeapSize                   = 5825164                                {pd product} {ergonomic}
    uintx NonProfiledCodeHeapSize                  = 122916538                              {pd product} {ergonomic}
    uintx ProfiledCodeHeapSize                     = 122916538                              {pd product} {ergonomic}
    uintx ReservedCodeCacheSize                    = 251658240                              {pd product} {ergonomic}
     bool SegmentedCodeCache                       = true                                      {product} {ergonomic}
     bool UseCompressedClassPointers               = true                                 {lp64_product} {ergonomic}
     bool UseCompressedOops                        = true                                 {lp64_product} {ergonomic}
     bool UseG1GC                                  = true                                      {product} {ergonomic}
     bool UseLargePagesIndividualAllocation        = false                                  {pd product} {ergonomic}

Logging:
Log output configuration:
 #0: stdout all=warning uptime,level,tags
 #1: stderr all=off uptime,level,tags

Environment Variables:
PATH=C:\Program Files (x86)\Common Files\Oracle\Java\javapath;C:\Program Files (x86)\AMD APP\bin\x86_64;C:\Program Files (x86)\AMD APP\bin\x86;C:\Program Files\Common Files\Microsoft Shared\Windows Live;C:\Program Files (x86)\Common Files\Microsoft Shared\Windows Live;C:\Windows\system32;C:\Windows;C:\Windows\System32\Wbem;C:\Windows\System32\WindowsPowerShell\v1.0\;C:\Program Files (x86)\Windows Live\Shared;C:\Program Files (x86)\ATI Technologies\ATI.ACE\Core-Static;C:\Program Files\Git\cmd
USERNAME=Alexey
OS=Windows_NT
PROCESSOR_IDENTIFIER=AMD64 Family 18 Model 1 Stepping 0, AuthenticAMD



---------------  S Y S T E M  ---------------

OS: Windows 7 , 64 bit Build 7601 (6.1.7601.23915)
OS uptime: 0 days 2:36 hours

CPU:total 2 (initial active 2) (2 cores per cpu, 1 threads per core) family 18 model 1 stepping 0, cmov, cx8, fxsr, mmx, sse, sse2, sse3, popcnt, mmxext, 3dnowpref, lzcnt, sse4a, tsc, tscinvbit, tscinv

Memory: 4k page, system-wide physical 3574M (352M free)
TotalPageFile size 7147M (AvailPageFile size 1901M)
current process WorkingSet (physical memory assigned to process): 388M, peak: 388M
current process commit charge ("private bytes"): 419M, peak: 419M

vm_info: OpenJDK 64-Bit Server VM (11.0.8+10-b944.34) for windows-amd64 JRE (11.0.8+10-b944.34), built on Sep 11 2020 15:32:11 by "" with MS VC++ 14.0 (VS2015)

END.
